[2024-12-13 17:00:14,503] INFO [Controller id=0 epoch=2] Sending UpdateMetadata request to brokers HashSet() for 0 partitions (state.change.logger)
[2024-12-13 17:00:19,583] INFO [Controller id=0 epoch=3] Sending UpdateMetadata request to brokers HashSet(0) for 0 partitions (state.change.logger)
[2024-12-13 17:00:19,597] INFO [Controller id=0 epoch=3] Sending LeaderAndIsr request to broker 0 with 54 become-leader and 0 become-follower partitions (state.change.logger)
[2024-12-13 17:00:19,598] INFO [Controller id=0 epoch=3] Sending UpdateMetadata request to brokers HashSet(0) for 54 partitions (state.change.logger)
[2024-12-13 17:00:19,727] INFO [Broker id=0] Handling LeaderAndIsr request correlationId 1 from controller 0 for 54 partitions (state.change.logger)
[2024-12-13 17:00:19,737] INFO [Broker id=0] Stopped fetchers as part of LeaderAndIsr request correlationId 1 from controller 0 epoch 3 as part of the become-leader transition for 54 partitions (state.change.logger)
[2024-12-13 17:00:19,742] INFO [Broker id=0] Leader __consumer_offsets-3 with topic id Some(tY-R6u3-TwenDnWnvbBC0g) starts at leader epoch 0 from offset 0 with partition epoch 0, high watermark 0, ISR [0], adding replicas [] and removing replicas [] . Previous leader None and previous leader epoch was -1. (state.change.logger)
[2024-12-13 17:00:19,747] INFO [Broker id=0] Leader __consumer_offsets-18 with topic id Some(tY-R6u3-TwenDnWnvbBC0g) starts at leader epoch 0 from offset 0 with partition epoch 0, high watermark 0, ISR [0], adding replicas [] and removing replicas [] . Previous leader None and previous leader epoch was -1. (state.change.logger)
[2024-12-13 17:00:19,750] INFO [Broker id=0] Leader __consumer_offsets-41 with topic id Some(tY-R6u3-TwenDnWnvbBC0g) starts at leader epoch 0 from offset 0 with partition epoch 0, high watermark 0, ISR [0], adding replicas [] and removing replicas [] . Previous leader None and previous leader epoch was -1. (state.change.logger)
[2024-12-13 17:00:19,754] INFO [Broker id=0] Leader __consumer_offsets-10 with topic id Some(tY-R6u3-TwenDnWnvbBC0g) starts at leader epoch 0 from offset 0 with partition epoch 0, high watermark 0, ISR [0], adding replicas [] and removing replicas [] . Previous leader None and previous leader epoch was -1. (state.change.logger)
[2024-12-13 17:00:19,759] INFO [Broker id=0] Leader new_orders-0 with topic id Some(f-pxypAAS8KfJ0DHyEDX6w) starts at leader epoch 0 from offset 0 with partition epoch 0, high watermark 0, ISR [0], adding replicas [] and removing replicas [] . Previous leader None and previous leader epoch was -1. (state.change.logger)
[2024-12-13 17:00:19,762] INFO [Broker id=0] Leader __consumer_offsets-33 with topic id Some(tY-R6u3-TwenDnWnvbBC0g) starts at leader epoch 0 from offset 0 with partition epoch 0, high watermark 0, ISR [0], adding replicas [] and removing replicas [] . Previous leader None and previous leader epoch was -1. (state.change.logger)
[2024-12-13 17:00:19,767] INFO [Broker id=0] Leader __consumer_offsets-48 with topic id Some(tY-R6u3-TwenDnWnvbBC0g) starts at leader epoch 0 from offset 0 with partition epoch 0, high watermark 0, ISR [0], adding replicas [] and removing replicas [] . Previous leader None and previous leader epoch was -1. (state.change.logger)
[2024-12-13 17:00:19,771] INFO [Broker id=0] Leader __consumer_offsets-19 with topic id Some(tY-R6u3-TwenDnWnvbBC0g) starts at leader epoch 0 from offset 0 with partition epoch 0, high watermark 0, ISR [0], adding replicas [] and removing replicas [] . Previous leader None and previous leader epoch was -1. (state.change.logger)
[2024-12-13 17:00:19,777] INFO [Broker id=0] Leader __consumer_offsets-34 with topic id Some(tY-R6u3-TwenDnWnvbBC0g) starts at leader epoch 0 from offset 0 with partition epoch 0, high watermark 0, ISR [0], adding replicas [] and removing replicas [] . Previous leader None and previous leader epoch was -1. (state.change.logger)
[2024-12-13 17:00:19,781] INFO [Broker id=0] Leader __consumer_offsets-4 with topic id Some(tY-R6u3-TwenDnWnvbBC0g) starts at leader epoch 0 from offset 0 with partition epoch 0, high watermark 0, ISR [0], adding replicas [] and removing replicas [] . Previous leader None and previous leader epoch was -1. (state.change.logger)
[2024-12-13 17:00:19,785] INFO [Broker id=0] Leader __consumer_offsets-11 with topic id Some(tY-R6u3-TwenDnWnvbBC0g) starts at leader epoch 0 from offset 0 with partition epoch 0, high watermark 0, ISR [0], adding replicas [] and removing replicas [] . Previous leader None and previous leader epoch was -1. (state.change.logger)
[2024-12-13 17:00:19,789] INFO [Broker id=0] Leader __consumer_offsets-26 with topic id Some(tY-R6u3-TwenDnWnvbBC0g) starts at leader epoch 0 from offset 0 with partition epoch 0, high watermark 0, ISR [0], adding replicas [] and removing replicas [] . Previous leader None and previous leader epoch was -1. (state.change.logger)
[2024-12-13 17:00:19,794] INFO [Broker id=0] Leader __consumer_offsets-49 with topic id Some(tY-R6u3-TwenDnWnvbBC0g) starts at leader epoch 0 from offset 0 with partition epoch 0, high watermark 0, ISR [0], adding replicas [] and removing replicas [] . Previous leader None and previous leader epoch was -1. (state.change.logger)
[2024-12-13 17:00:19,799] INFO [Broker id=0] Leader driver_updates-0 with topic id Some(mA1eg921R2yMFUSdFQBj2w) starts at leader epoch 0 from offset 0 with partition epoch 0, high watermark 0, ISR [0], adding replicas [] and removing replicas [] . Previous leader None and previous leader epoch was -1. (state.change.logger)
[2024-12-13 17:00:19,803] INFO [Broker id=0] Leader order_estimates-0 with topic id Some(K-s9vTiaQWOYxK6GOvtbEw) starts at leader epoch 0 from offset 6 with partition epoch 0, high watermark 6, ISR [0], adding replicas [] and removing replicas [] . Previous leader None and previous leader epoch was -1. (state.change.logger)
[2024-12-13 17:00:19,804] INFO [Broker id=0] Leader __consumer_offsets-39 with topic id Some(tY-R6u3-TwenDnWnvbBC0g) starts at leader epoch 0 from offset 0 with partition epoch 0, high watermark 0, ISR [0], adding replicas [] and removing replicas [] . Previous leader None and previous leader epoch was -1. (state.change.logger)
[2024-12-13 17:00:19,808] INFO [Broker id=0] Leader __consumer_offsets-9 with topic id Some(tY-R6u3-TwenDnWnvbBC0g) starts at leader epoch 0 from offset 0 with partition epoch 0, high watermark 0, ISR [0], adding replicas [] and removing replicas [] . Previous leader None and previous leader epoch was -1. (state.change.logger)
[2024-12-13 17:00:19,814] INFO [Broker id=0] Leader __consumer_offsets-24 with topic id Some(tY-R6u3-TwenDnWnvbBC0g) starts at leader epoch 0 from offset 0 with partition epoch 0, high watermark 0, ISR [0], adding replicas [] and removing replicas [] . Previous leader None and previous leader epoch was -1. (state.change.logger)
[2024-12-13 17:00:19,818] INFO [Broker id=0] Leader __consumer_offsets-31 with topic id Some(tY-R6u3-TwenDnWnvbBC0g) starts at leader epoch 0 from offset 0 with partition epoch 0, high watermark 0, ISR [0], adding replicas [] and removing replicas [] . Previous leader None and previous leader epoch was -1. (state.change.logger)
[2024-12-13 17:00:19,823] INFO [Broker id=0] Leader __consumer_offsets-46 with topic id Some(tY-R6u3-TwenDnWnvbBC0g) starts at leader epoch 0 from offset 0 with partition epoch 0, high watermark 0, ISR [0], adding replicas [] and removing replicas [] . Previous leader None and previous leader epoch was -1. (state.change.logger)
[2024-12-13 17:00:19,828] INFO [Broker id=0] Leader __consumer_offsets-1 with topic id Some(tY-R6u3-TwenDnWnvbBC0g) starts at leader epoch 0 from offset 0 with partition epoch 0, high watermark 0, ISR [0], adding replicas [] and removing replicas [] . Previous leader None and previous leader epoch was -1. (state.change.logger)
[2024-12-13 17:00:19,834] INFO [Broker id=0] Leader __consumer_offsets-16 with topic id Some(tY-R6u3-TwenDnWnvbBC0g) starts at leader epoch 0 from offset 0 with partition epoch 0, high watermark 0, ISR [0], adding replicas [] and removing replicas [] . Previous leader None and previous leader epoch was -1. (state.change.logger)
[2024-12-13 17:00:19,838] INFO [Broker id=0] Leader __consumer_offsets-2 with topic id Some(tY-R6u3-TwenDnWnvbBC0g) starts at leader epoch 0 from offset 0 with partition epoch 0, high watermark 0, ISR [0], adding replicas [] and removing replicas [] . Previous leader None and previous leader epoch was -1. (state.change.logger)
[2024-12-13 17:00:19,843] INFO [Broker id=0] Leader order_updates-0 with topic id Some(mAeIVYdxTjqd0eczLFSzBg) starts at leader epoch 0 from offset 6 with partition epoch 0, high watermark 6, ISR [0], adding replicas [] and removing replicas [] . Previous leader None and previous leader epoch was -1. (state.change.logger)
[2024-12-13 17:00:19,844] INFO [Broker id=0] Leader __consumer_offsets-25 with topic id Some(tY-R6u3-TwenDnWnvbBC0g) starts at leader epoch 0 from offset 0 with partition epoch 0, high watermark 0, ISR [0], adding replicas [] and removing replicas [] . Previous leader None and previous leader epoch was -1. (state.change.logger)
[2024-12-13 17:00:19,849] INFO [Broker id=0] Leader __consumer_offsets-40 with topic id Some(tY-R6u3-TwenDnWnvbBC0g) starts at leader epoch 0 from offset 0 with partition epoch 0, high watermark 0, ISR [0], adding replicas [] and removing replicas [] . Previous leader None and previous leader epoch was -1. (state.change.logger)
[2024-12-13 17:00:19,853] INFO [Broker id=0] Leader __consumer_offsets-47 with topic id Some(tY-R6u3-TwenDnWnvbBC0g) starts at leader epoch 0 from offset 0 with partition epoch 0, high watermark 0, ISR [0], adding replicas [] and removing replicas [] . Previous leader None and previous leader epoch was -1. (state.change.logger)
[2024-12-13 17:00:19,858] INFO [Broker id=0] Leader __consumer_offsets-17 with topic id Some(tY-R6u3-TwenDnWnvbBC0g) starts at leader epoch 0 from offset 0 with partition epoch 0, high watermark 0, ISR [0], adding replicas [] and removing replicas [] . Previous leader None and previous leader epoch was -1. (state.change.logger)
[2024-12-13 17:00:19,863] INFO [Broker id=0] Leader __consumer_offsets-32 with topic id Some(tY-R6u3-TwenDnWnvbBC0g) starts at leader epoch 0 from offset 0 with partition epoch 0, high watermark 0, ISR [0], adding replicas [] and removing replicas [] . Previous leader None and previous leader epoch was -1. (state.change.logger)
[2024-12-13 17:00:19,868] INFO [Broker id=0] Leader __consumer_offsets-37 with topic id Some(tY-R6u3-TwenDnWnvbBC0g) starts at leader epoch 0 from offset 0 with partition epoch 0, high watermark 0, ISR [0], adding replicas [] and removing replicas [] . Previous leader None and previous leader epoch was -1. (state.change.logger)
[2024-12-13 17:00:19,873] INFO [Broker id=0] Leader __consumer_offsets-7 with topic id Some(tY-R6u3-TwenDnWnvbBC0g) starts at leader epoch 0 from offset 813 with partition epoch 0, high watermark 813, ISR [0], adding replicas [] and removing replicas [] . Previous leader None and previous leader epoch was -1. (state.change.logger)
[2024-12-13 17:00:19,874] INFO [Broker id=0] Leader __consumer_offsets-22 with topic id Some(tY-R6u3-TwenDnWnvbBC0g) starts at leader epoch 0 from offset 0 with partition epoch 0, high watermark 0, ISR [0], adding replicas [] and removing replicas [] . Previous leader None and previous leader epoch was -1. (state.change.logger)
[2024-12-13 17:00:19,878] INFO [Broker id=0] Leader __consumer_offsets-29 with topic id Some(tY-R6u3-TwenDnWnvbBC0g) starts at leader epoch 0 from offset 0 with partition epoch 0, high watermark 0, ISR [0], adding replicas [] and removing replicas [] . Previous leader None and previous leader epoch was -1. (state.change.logger)
[2024-12-13 17:00:19,883] INFO [Broker id=0] Leader __consumer_offsets-44 with topic id Some(tY-R6u3-TwenDnWnvbBC0g) starts at leader epoch 0 from offset 0 with partition epoch 0, high watermark 0, ISR [0], adding replicas [] and removing replicas [] . Previous leader None and previous leader epoch was -1. (state.change.logger)
[2024-12-13 17:00:19,887] INFO [Broker id=0] Leader __consumer_offsets-14 with topic id Some(tY-R6u3-TwenDnWnvbBC0g) starts at leader epoch 0 from offset 0 with partition epoch 0, high watermark 0, ISR [0], adding replicas [] and removing replicas [] . Previous leader None and previous leader epoch was -1. (state.change.logger)
[2024-12-13 17:00:19,892] INFO [Broker id=0] Leader __consumer_offsets-23 with topic id Some(tY-R6u3-TwenDnWnvbBC0g) starts at leader epoch 0 from offset 0 with partition epoch 0, high watermark 0, ISR [0], adding replicas [] and removing replicas [] . Previous leader None and previous leader epoch was -1. (state.change.logger)
[2024-12-13 17:00:19,898] INFO [Broker id=0] Leader __consumer_offsets-38 with topic id Some(tY-R6u3-TwenDnWnvbBC0g) starts at leader epoch 0 from offset 0 with partition epoch 0, high watermark 0, ISR [0], adding replicas [] and removing replicas [] . Previous leader None and previous leader epoch was -1. (state.change.logger)
[2024-12-13 17:00:19,902] INFO [Broker id=0] Leader __consumer_offsets-8 with topic id Some(tY-R6u3-TwenDnWnvbBC0g) starts at leader epoch 0 from offset 0 with partition epoch 0, high watermark 0, ISR [0], adding replicas [] and removing replicas [] . Previous leader None and previous leader epoch was -1. (state.change.logger)
[2024-12-13 17:00:19,907] INFO [Broker id=0] Leader __consumer_offsets-45 with topic id Some(tY-R6u3-TwenDnWnvbBC0g) starts at leader epoch 0 from offset 0 with partition epoch 0, high watermark 0, ISR [0], adding replicas [] and removing replicas [] . Previous leader None and previous leader epoch was -1. (state.change.logger)
[2024-12-13 17:00:19,913] INFO [Broker id=0] Leader __consumer_offsets-15 with topic id Some(tY-R6u3-TwenDnWnvbBC0g) starts at leader epoch 0 from offset 0 with partition epoch 0, high watermark 0, ISR [0], adding replicas [] and removing replicas [] . Previous leader None and previous leader epoch was -1. (state.change.logger)
[2024-12-13 17:00:19,918] INFO [Broker id=0] Leader __consumer_offsets-30 with topic id Some(tY-R6u3-TwenDnWnvbBC0g) starts at leader epoch 0 from offset 0 with partition epoch 0, high watermark 0, ISR [0], adding replicas [] and removing replicas [] . Previous leader None and previous leader epoch was -1. (state.change.logger)
[2024-12-13 17:00:19,923] INFO [Broker id=0] Leader __consumer_offsets-0 with topic id Some(tY-R6u3-TwenDnWnvbBC0g) starts at leader epoch 0 from offset 0 with partition epoch 0, high watermark 0, ISR [0], adding replicas [] and removing replicas [] . Previous leader None and previous leader epoch was -1. (state.change.logger)
[2024-12-13 17:00:19,928] INFO [Broker id=0] Leader __consumer_offsets-35 with topic id Some(tY-R6u3-TwenDnWnvbBC0g) starts at leader epoch 0 from offset 0 with partition epoch 0, high watermark 0, ISR [0], adding replicas [] and removing replicas [] . Previous leader None and previous leader epoch was -1. (state.change.logger)
[2024-12-13 17:00:19,931] INFO [Broker id=0] Leader __consumer_offsets-5 with topic id Some(tY-R6u3-TwenDnWnvbBC0g) starts at leader epoch 0 from offset 0 with partition epoch 0, high watermark 0, ISR [0], adding replicas [] and removing replicas [] . Previous leader None and previous leader epoch was -1. (state.change.logger)
[2024-12-13 17:00:19,936] INFO [Broker id=0] Leader __consumer_offsets-20 with topic id Some(tY-R6u3-TwenDnWnvbBC0g) starts at leader epoch 0 from offset 0 with partition epoch 0, high watermark 0, ISR [0], adding replicas [] and removing replicas [] . Previous leader None and previous leader epoch was -1. (state.change.logger)
[2024-12-13 17:00:19,941] INFO [Broker id=0] Leader __consumer_offsets-27 with topic id Some(tY-R6u3-TwenDnWnvbBC0g) starts at leader epoch 0 from offset 0 with partition epoch 0, high watermark 0, ISR [0], adding replicas [] and removing replicas [] . Previous leader None and previous leader epoch was -1. (state.change.logger)
[2024-12-13 17:00:19,946] INFO [Broker id=0] Leader __consumer_offsets-42 with topic id Some(tY-R6u3-TwenDnWnvbBC0g) starts at leader epoch 0 from offset 0 with partition epoch 0, high watermark 0, ISR [0], adding replicas [] and removing replicas [] . Previous leader None and previous leader epoch was -1. (state.change.logger)
[2024-12-13 17:00:19,951] INFO [Broker id=0] Leader __consumer_offsets-12 with topic id Some(tY-R6u3-TwenDnWnvbBC0g) starts at leader epoch 0 from offset 0 with partition epoch 0, high watermark 0, ISR [0], adding replicas [] and removing replicas [] . Previous leader None and previous leader epoch was -1. (state.change.logger)
[2024-12-13 17:00:19,956] INFO [Broker id=0] Leader __consumer_offsets-21 with topic id Some(tY-R6u3-TwenDnWnvbBC0g) starts at leader epoch 0 from offset 0 with partition epoch 0, high watermark 0, ISR [0], adding replicas [] and removing replicas [] . Previous leader None and previous leader epoch was -1. (state.change.logger)
[2024-12-13 17:00:19,960] INFO [Broker id=0] Leader __consumer_offsets-36 with topic id Some(tY-R6u3-TwenDnWnvbBC0g) starts at leader epoch 0 from offset 0 with partition epoch 0, high watermark 0, ISR [0], adding replicas [] and removing replicas [] . Previous leader None and previous leader epoch was -1. (state.change.logger)
[2024-12-13 17:00:19,965] INFO [Broker id=0] Leader __consumer_offsets-6 with topic id Some(tY-R6u3-TwenDnWnvbBC0g) starts at leader epoch 0 from offset 0 with partition epoch 0, high watermark 0, ISR [0], adding replicas [] and removing replicas [] . Previous leader None and previous leader epoch was -1. (state.change.logger)
[2024-12-13 17:00:19,970] INFO [Broker id=0] Leader __consumer_offsets-43 with topic id Some(tY-R6u3-TwenDnWnvbBC0g) starts at leader epoch 0 from offset 0 with partition epoch 0, high watermark 0, ISR [0], adding replicas [] and removing replicas [] . Previous leader None and previous leader epoch was -1. (state.change.logger)
[2024-12-13 17:00:19,975] INFO [Broker id=0] Leader __consumer_offsets-13 with topic id Some(tY-R6u3-TwenDnWnvbBC0g) starts at leader epoch 0 from offset 0 with partition epoch 0, high watermark 0, ISR [0], adding replicas [] and removing replicas [] . Previous leader None and previous leader epoch was -1. (state.change.logger)
[2024-12-13 17:00:19,979] INFO [Broker id=0] Leader __consumer_offsets-28 with topic id Some(tY-R6u3-TwenDnWnvbBC0g) starts at leader epoch 0 from offset 0 with partition epoch 0, high watermark 0, ISR [0], adding replicas [] and removing replicas [] . Previous leader None and previous leader epoch was -1. (state.change.logger)
[2024-12-13 17:00:20,003] INFO [Broker id=0] Finished LeaderAndIsr request in 276ms correlationId 1 from controller 0 for 54 partitions (state.change.logger)
[2024-12-13 17:00:20,009] INFO [Broker id=0] Add 54 partitions and deleted 0 partitions from metadata cache in response to UpdateMetadata request sent by controller 0 epoch 3 with correlation id 2 (state.change.logger)
[2024-12-13 17:05:05,495] INFO [Controller id=0 epoch=3] Sending UpdateMetadata request to brokers HashSet() for 0 partitions (state.change.logger)
[2024-12-13 17:05:05,495] INFO [Controller id=0 epoch=3] Sending UpdateMetadata request to brokers HashSet() for 0 partitions (state.change.logger)
[2024-12-13 17:05:05,496] INFO [Controller id=0 epoch=3] Sending UpdateMetadata request to brokers HashSet(0) for 1 partitions (state.change.logger)
[2024-12-13 17:05:05,497] INFO [Broker id=0] Add 0 partitions and deleted 1 partitions from metadata cache in response to UpdateMetadata request sent by controller 0 epoch 3 with correlation id 3 (state.change.logger)
[2024-12-13 17:05:05,510] INFO [Controller id=0 epoch=3] Partition new_orders-0 state changed to (Leader:-1,ISR:0,LeaderRecoveryState:RECOVERED,LeaderEpoch:1,ZkVersion:1,ControllerEpoch:3) after removing replica 0 from the ISR as part of transition to OfflineReplica (state.change.logger)
[2024-12-13 17:05:05,511] INFO [Controller id=0 epoch=3] Sending UpdateMetadata request to brokers HashSet() for 0 partitions (state.change.logger)
[2024-12-13 17:05:05,511] INFO [Controller id=0 epoch=3] Sending StopReplica request for 1 replicas to broker 0 (state.change.logger)
[2024-12-13 17:05:05,512] INFO [Controller id=0 epoch=3] Sending UpdateMetadata request to brokers HashSet() for 0 partitions (state.change.logger)
[2024-12-13 17:05:05,512] INFO [Controller id=0 epoch=3] Sending StopReplica request for 1 replicas to broker 0 (state.change.logger)
[2024-12-13 17:05:05,512] INFO [Broker id=0] Handling StopReplica request correlationId 4 from controller 0 for 1 partitions (state.change.logger)
[2024-12-13 17:05:05,516] INFO [Broker id=0] Handling StopReplica request correlationId 5 from controller 0 for 1 partitions (state.change.logger)
[2024-12-13 17:05:05,536] INFO [Controller id=0 epoch=3] Sending UpdateMetadata request to brokers HashSet() for 0 partitions (state.change.logger)
[2024-12-13 17:05:05,537] INFO [Controller id=0 epoch=3] Sending UpdateMetadata request to brokers HashSet() for 0 partitions (state.change.logger)
[2024-12-13 17:05:10,667] INFO [Controller id=0 epoch=3] Changed partition new_orders-0 state from NonExistentPartition to NewPartition with assigned replicas 0 (state.change.logger)
[2024-12-13 17:05:10,667] INFO [Controller id=0 epoch=3] Sending UpdateMetadata request to brokers HashSet() for 0 partitions (state.change.logger)
[2024-12-13 17:05:10,667] INFO [Controller id=0 epoch=3] Sending UpdateMetadata request to brokers HashSet() for 0 partitions (state.change.logger)
[2024-12-13 17:05:10,683] INFO [Controller id=0 epoch=3] Changed partition new_orders-0 from NewPartition to OnlinePartition with state LeaderAndIsr(leader=0, leaderEpoch=0, isrWithBrokerEpoch=List(BrokerState(brokerId=0, brokerEpoch=-1)), leaderRecoveryState=RECOVERED, partitionEpoch=0) (state.change.logger)
[2024-12-13 17:05:10,683] INFO [Controller id=0 epoch=3] Sending LeaderAndIsr request to broker 0 with 1 become-leader and 0 become-follower partitions (state.change.logger)
[2024-12-13 17:05:10,683] INFO [Controller id=0 epoch=3] Sending UpdateMetadata request to brokers HashSet(0) for 1 partitions (state.change.logger)
[2024-12-13 17:05:10,683] INFO [Controller id=0 epoch=3] Sending UpdateMetadata request to brokers HashSet() for 0 partitions (state.change.logger)
[2024-12-13 17:05:10,684] INFO [Broker id=0] Handling LeaderAndIsr request correlationId 6 from controller 0 for 1 partitions (state.change.logger)
[2024-12-13 17:05:10,684] INFO [Broker id=0] Stopped fetchers as part of LeaderAndIsr request correlationId 6 from controller 0 epoch 3 as part of the become-leader transition for 1 partitions (state.change.logger)
[2024-12-13 17:05:10,689] INFO [Broker id=0] Leader new_orders-0 with topic id Some(UjQBmYduQvSlGekRQuJpmQ) starts at leader epoch 0 from offset 0 with partition epoch 0, high watermark 0, ISR [0], adding replicas [] and removing replicas [] . Previous leader None and previous leader epoch was -1. (state.change.logger)
[2024-12-13 17:05:10,694] INFO [Broker id=0] Finished LeaderAndIsr request in 10ms correlationId 6 from controller 0 for 1 partitions (state.change.logger)
[2024-12-13 17:05:10,695] INFO [Broker id=0] Add 1 partitions and deleted 0 partitions from metadata cache in response to UpdateMetadata request sent by controller 0 epoch 3 with correlation id 7 (state.change.logger)
